\BOOKMARK [1][-]{section.1}{Cvičení 8 – domácí úloha}{}% 1
\BOOKMARK [2][-]{subsection.1.1}{Zadání}{section.1}% 2
\BOOKMARK [2][-]{subsection.1.2}{Řešení}{section.1}% 3
\BOOKMARK [2][-]{subsection.1.3}{Výsledek}{section.1}% 4
\BOOKMARK [1][-]{section.2}{Cvičení 9 – hodnocená úloha}{}% 5
\BOOKMARK [2][-]{subsection.2.1}{Zadání}{section.2}% 6
\BOOKMARK [2][-]{subsection.2.2}{Řešení}{section.2}% 7
\BOOKMARK [2][-]{subsection.2.3}{Výsledek}{section.2}% 8
\BOOKMARK [1][-]{section.3}{Cvičení 9 – domácí úloha}{}% 9
\BOOKMARK [2][-]{subsection.3.1}{Zadání}{section.3}% 10
\BOOKMARK [2][-]{subsection.3.2}{Řešení}{section.3}% 11
\BOOKMARK [2][-]{subsection.3.3}{Výsledek}{section.3}% 12
\BOOKMARK [1][-]{section.4}{Cvičení 10 – hodnocená úloha}{}% 13
\BOOKMARK [2][-]{subsection.4.1}{Zadání}{section.4}% 14
\BOOKMARK [2][-]{subsection.4.2}{Řešení}{section.4}% 15
\BOOKMARK [2][-]{subsection.4.3}{Výsledek}{section.4}% 16
\BOOKMARK [1][-]{section.5}{Cvičení 10 – domácí úloha}{}% 17
\BOOKMARK [2][-]{subsection.5.1}{Zadání}{section.5}% 18
\BOOKMARK [2][-]{subsection.5.2}{Řešení}{section.5}% 19
\BOOKMARK [2][-]{subsection.5.3}{Výsledek}{section.5}% 20
